# JRE version: OpenJDK Runtime Environment (8.0_112-b06) (build 1.8.0_112-release-b06)
# Java VM: OpenJDK 64-Bit Server VM (25.112-b06 mixed mode bsd-amd64 compressed oops)
Heap:
 PSYoungGen      total 445952K, used 413618K [0x00000007a0000000, 0x00000007c0000000, 0x00000007c0000000)
  eden space 368640K, 99% used [0x00000007a0000000,0x00000007b67ff990,0x00000007b6800000)
  from space 77312K, 58% used [0x00000007bb480000,0x00000007be06d028,0x00000007c0000000)
  to   space 77824K, 0% used [0x00000007b6800000,0x00000007b6800000,0x00000007bb400000)
 ParOldGen       total 195072K, used 189072K [0x0000000760000000, 0x000000076be80000, 0x00000007a0000000)
  object space 195072K, 96% used [0x0000000760000000,0x000000076b8a43d8,0x000000076be80000)
 Metaspace       used 87218K, capacity 95216K, committed 95488K, reserved 1132544K
  class space    used 10902K, capacity 11905K, committed 12032K, reserved 1048576K
GC Heap History (10 events):
Event: 12535.003 GC heap after
Heap after GC invocations=103 (full 5):
 PSYoungGen      total 348160K, used 14323K [0x00000007a0000000, 0x00000007b9100000, 0x00000007c0000000)
  eden space 285184K, 0% used [0x00000007a0000000,0x00000007a0000000,0x00000007b1680000)
  from space 62976K, 22% used [0x00000007b5380000,0x00000007b617cdb0,0x00000007b9100000)
  to   space 62464K, 0% used [0x00000007b1680000,0x00000007b1680000,0x00000007b5380000)
 ParOldGen       total 195072K, used 97146K [0x0000000760000000, 0x000000076be80000, 0x00000007a0000000)
  object space 195072K, 49% used [0x0000000760000000,0x0000000765ede8e8,0x000000076be80000)
 Metaspace       used 86996K, capacity 94830K, committed 95104K, reserved 1132544K
  class space    used 10868K, capacity 11850K, committed 11904K, reserved 1048576K
}
Event: 12541.299 GC heap before
{Heap before GC invocations=104 (full 5):
 PSYoungGen      total 348160K, used 299507K [0x00000007a0000000, 0x00000007b9100000, 0x00000007c0000000)
  eden space 285184K, 100% used [0x00000007a0000000,0x00000007b1680000,0x00000007b1680000)
  from space 62976K, 22% used [0x00000007b5380000,0x00000007b617cdb0,0x00000007b9100000)
  to   space 62464K, 0% used [0x00000007b1680000,0x00000007b1680000,0x00000007b5380000)
 ParOldGen       total 195072K, used 97146K [0x0000000760000000, 0x000000076be80000, 0x00000007a0000000)
  object space 195072K, 49% used [0x0000000760000000,0x0000000765ede8e8,0x000000076be80000)
 Metaspace       used 87119K, capacity 95006K, committed 95104K, reserved 1132544K
  class space    used 10889K, capacity 11890K, committed 11904K, reserved 1048576K
Event: 12541.338 GC heap after
Heap after GC invocations=104 (full 5):
 PSYoungGen      total 347648K, used 13219K [0x00000007a0000000, 0x00000007bc300000, 0x00000007c0000000)
  eden space 285184K, 0% used [0x00000007a0000000,0x00000007a0000000,0x00000007b1680000)
  from space 62464K, 21% used [0x00000007b1680000,0x00000007b2368e10,0x00000007b5380000)
  to   space 61440K, 0% used [0x00000007b8700000,0x00000007b8700000,0x00000007bc300000)
 ParOldGen       total 195072K, used 102113K [0x0000000760000000, 0x000000076be80000, 0x00000007a0000000)
  object space 195072K, 52% used [0x0000000760000000,0x00000007663b8698,0x000000076be80000)
 Metaspace       used 87119K, capacity 95006K, committed 95104K, reserved 1132544K
  class space    used 10889K, capacity 11890K, committed 11904K, reserved 1048576K
}
Event: 12544.342 GC heap before
{Heap before GC invocations=105 (full 5):
 PSYoungGen      total 347648K, used 298403K [0x00000007a0000000, 0x00000007bc300000, 0x00000007c0000000)
  eden space 285184K, 100% used [0x00000007a0000000,0x00000007b1680000,0x00000007b1680000)
  from space 62464K, 21% used [0x00000007b1680000,0x00000007b2368e10,0x00000007b5380000)
  to   space 61440K, 0% used [0x00000007b8700000,0x00000007b8700000,0x00000007bc300000)
 ParOldGen       total 195072K, used 102113K [0x0000000760000000, 0x000000076be80000, 0x00000007a0000000)
  object space 195072K, 52% used [0x0000000760000000,0x00000007663b8698,0x000000076be80000)
 Metaspace       used 87153K, capacity 95078K, committed 95104K, reserved 1132544K
  class space    used 10898K, capacity 11904K, committed 11904K, reserved 1048576K
Event: 12544.386 GC heap after
Heap after GC invocations=105 (full 5):
 PSYoungGen      total 396288K, used 31076K [0x00000007a0000000, 0x00000007bbf80000, 0x00000007c0000000)
  eden space 338432K, 0% used [0x00000007a0000000,0x00000007a0000000,0x00000007b4a80000)
  from space 57856K, 53% used [0x00000007b8700000,0x00000007ba5592e8,0x00000007bbf80000)
  to   space 59904K, 0% used [0x00000007b4a80000,0x00000007b4a80000,0x00000007b8500000)
 ParOldGen       total 195072K, used 102465K [0x0000000760000000, 0x000000076be80000, 0x00000007a0000000)
  object space 195072K, 52% used [0x0000000760000000,0x00000007664106c8,0x000000076be80000)
 Metaspace       used 87153K, capacity 95078K, committed 95104K, reserved 1132544K
  class space    used 10898K, capacity 11904K, committed 11904K, reserved 1048576K
}
Event: 12544.780 GC heap before
{Heap before GC invocations=106 (full 5):
 PSYoungGen      total 396288K, used 369508K [0x00000007a0000000, 0x00000007bbf80000, 0x00000007c0000000)
  eden space 338432K, 100% used [0x00000007a0000000,0x00000007b4a80000,0x00000007b4a80000)
  from space 57856K, 53% used [0x00000007b8700000,0x00000007ba5592e8,0x00000007bbf80000)
  to   space 59904K, 0% used [0x00000007b4a80000,0x00000007b4a80000,0x00000007b8500000)
 ParOldGen       total 195072K, used 102465K [0x0000000760000000, 0x000000076be80000, 0x00000007a0000000)
  object space 195072K, 52% used [0x0000000760000000,0x00000007664106c8,0x000000076be80000)
 Metaspace       used 87153K, capacity 95078K, committed 95104K, reserved 1132544K
  class space    used 10898K, capacity 11904K, committed 11904K, reserved 1048576K
Event: 12544.900 GC heap after
Heap after GC invocations=106 (full 5):
 PSYoungGen      total 398336K, used 59882K [0x00000007a0000000, 0x00000007c0000000, 0x00000007c0000000)
  eden space 338432K, 0% used [0x00000007a0000000,0x00000007a0000000,0x00000007b4a80000)
  from space 59904K, 99% used [0x00000007b4a80000,0x00000007b84fa930,0x00000007b8500000)
  to   space 77312K, 0% used [0x00000007bb480000,0x00000007bb480000,0x00000007c0000000)
 ParOldGen       total 195072K, used 124003K [0x0000000760000000, 0x000000076be80000, 0x00000007a0000000)
  object space 195072K, 63% used [0x0000000760000000,0x0000000767918f38,0x000000076be80000)
 Metaspace       used 87153K, capacity 95078K, committed 95104K, reserved 1132544K
  class space    used 10898K, capacity 11904K, committed 11904K, reserved 1048576K
}
Event: 12548.197 GC heap before
{Heap before GC invocations=107 (full 5):
 PSYoungGen      total 398336K, used 398314K [0x00000007a0000000, 0x00000007c0000000, 0x00000007c0000000)
  eden space 338432K, 100% used [0x00000007a0000000,0x00000007b4a80000,0x00000007b4a80000)
  from space 59904K, 99% used [0x00000007b4a80000,0x00000007b84fa930,0x00000007b8500000)
  to   space 77312K, 0% used [0x00000007bb480000,0x00000007bb480000,0x00000007c0000000)
 ParOldGen       total 195072K, used 124072K [0x0000000760000000, 0x000000076be80000, 0x00000007a0000000)
  object space 195072K, 63% used [0x0000000760000000,0x000000076792a060,0x000000076be80000)
 Metaspace       used 87203K, capacity 95152K, committed 95488K, reserved 1132544K
  class space    used 10901K, capacity 11905K, committed 12032K, reserved 1048576K
Event: 12548.284 GC heap after
Heap after GC invocations=107 (full 5):
 PSYoungGen      total 445952K, used 44980K [0x00000007a0000000, 0x00000007c0000000, 0x00000007c0000000)
  eden space 368640K, 0% used [0x00000007a0000000,0x00000007a0000000,0x00000007b6800000)
  from space 77312K, 58% used [0x00000007bb480000,0x00000007be06d028,0x00000007c0000000)
  to   space 77824K, 0% used [0x00000007b6800000,0x00000007b6800000,0x00000007bb400000)
 ParOldGen       total 195072K, used 124559K [0x0000000760000000, 0x000000076be80000, 0x00000007a0000000)
  object space 195072K, 63% used [0x0000000760000000,0x00000007679a3fe8,0x000000076be80000)
 Metaspace       used 87203K, capacity 95152K, committed 95488K, reserved 1132544K
  class space    used 10901K, capacity 11905K, committed 12032K, reserved 1048576K
}
Event: 12549.392 GC heap before
{Heap before GC invocations=108 (full 6):
 PSYoungGen      total 445952K, used 413618K [0x00000007a0000000, 0x00000007c0000000, 0x00000007c0000000)
  eden space 368640K, 99% used [0x00000007a0000000,0x00000007b67ff990,0x00000007b6800000)
  from space 77312K, 58% used [0x00000007bb480000,0x00000007be06d028,0x00000007c0000000)
  to   space 77824K, 0% used [0x00000007b6800000,0x00000007b6800000,0x00000007bb400000)
 ParOldGen       total 195072K, used 189072K [0x0000000760000000, 0x000000076be80000, 0x00000007a0000000)
  object space 195072K, 96% used [0x0000000760000000,0x000000076b8a43d8,0x000000076be80000)
 Metaspace       used 87218K, capacity 95216K, committed 95488K, reserved 1132544K
  class space    used 10902K, capacity 11905K, committed 12032K, reserved 1048576K

